# JRE version: OpenJDK Runtime Environment Microsoft-8035246 (17.0.8+7) (build 17.0.8+7-LTS)
# Java VM: OpenJDK 64-Bit Server VM Microsoft-8035246 (17.0.8+7-LTS, mixed mode, sharing, tiered, compressed oops, compressed class ptrs, g1 gc, windows-amd64)
GC Precious Log:
 CPUs: 8 total, 8 available
 Memory: 12022M
 Large Page Support: Disabled
 NUMA Support: Disabled
 Compressed Oops: Enabled (32-bit)
 Heap Region Size: 1M
 Heap Min Capacity: 8M
 Heap Initial Capacity: 188M
 Heap Max Capacity: 2G
 Pre-touch: Disabled
 Parallel Workers: 8
 Concurrent Workers: 2
 Concurrent Refinement Workers: 8
 Periodic GC: Disabled
Heap:
 garbage-first heap   total 401408K, used 130187K [0x0000000080000000, 0x0000000100000000)
  region size 1024K, 41 young (41984K), 14 survivors (14336K)
 Metaspace       used 77311K, committed 77952K, reserved 1179648K
  class space    used 10566K, committed 10880K, reserved 1048576K
GC Heap History (20 events):
Event: 10.995 GC heap before
{Heap before GC invocations=24 (full 0):
 garbage-first heap   total 130048K, used 100164K [0x0000000080000000, 0x0000000100000000)
  region size 1024K, 35 young (35840K), 3 survivors (3072K)
 Metaspace       used 59683K, committed 60288K, reserved 1114112K
  class space    used 8019K, committed 8320K, reserved 1048576K
}
Event: 10.998 GC heap after
{Heap after GC invocations=25 (full 0):
 garbage-first heap   total 161792K, used 69730K [0x0000000080000000, 0x0000000100000000)
  region size 1024K, 3 young (3072K), 3 survivors (3072K)
 Metaspace       used 59683K, committed 60288K, reserved 1114112K
  class space    used 8019K, committed 8320K, reserved 1048576K
}
Event: 11.631 GC heap before
{Heap before GC invocations=26 (full 0):
 garbage-first heap   total 161792K, used 121954K [0x0000000080000000, 0x0000000100000000)
  region size 1024K, 54 young (55296K), 3 survivors (3072K)
 Metaspace       used 65391K, committed 65984K, reserved 1114112K
  class space    used 8994K, committed 9280K, reserved 1048576K
}
Event: 11.636 GC heap after
{Heap after GC invocations=27 (full 0):
 garbage-first heap   total 161792K, used 73562K [0x0000000080000000, 0x0000000100000000)
  region size 1024K, 7 young (7168K), 7 survivors (7168K)
 Metaspace       used 65391K, committed 65984K, reserved 1114112K
  class space    used 8994K, committed 9280K, reserved 1048576K
}
Event: 11.642 GC heap before
{Heap before GC invocations=27 (full 0):
 garbage-first heap   total 161792K, used 73562K [0x0000000080000000, 0x0000000100000000)
  region size 1024K, 8 young (8192K), 7 survivors (7168K)
 Metaspace       used 65417K, committed 65984K, reserved 1114112K
  class space    used 8996K, committed 9280K, reserved 1048576K
}
Event: 11.646 GC heap after
{Heap after GC invocations=28 (full 0):
 garbage-first heap   total 161792K, used 74414K [0x0000000080000000, 0x0000000100000000)
  region size 1024K, 1 young (1024K), 1 survivors (1024K)
 Metaspace       used 65417K, committed 65984K, reserved 1114112K
  class space    used 8996K, committed 9280K, reserved 1048576K
}
Event: 12.266 GC heap before
{Heap before GC invocations=28 (full 0):
 garbage-first heap   total 161792K, used 125614K [0x0000000080000000, 0x0000000100000000)
  region size 1024K, 51 young (52224K), 1 survivors (1024K)
 Metaspace       used 71138K, committed 71744K, reserved 1114112K
  class space    used 9809K, committed 10112K, reserved 1048576K
}
Event: 12.270 GC heap after
{Heap after GC invocations=29 (full 0):
 garbage-first heap   total 161792K, used 77318K [0x0000000080000000, 0x0000000100000000)
  region size 1024K, 4 young (4096K), 4 survivors (4096K)
 Metaspace       used 71138K, committed 71744K, reserved 1114112K
  class space    used 9809K, committed 10112K, reserved 1048576K
}
Event: 12.957 GC heap before
{Heap before GC invocations=30 (full 0):
 garbage-first heap   total 161792K, used 126470K [0x0000000080000000, 0x0000000100000000)
  region size 1024K, 53 young (54272K), 4 survivors (4096K)
 Metaspace       used 75344K, committed 75968K, reserved 1114112K
  class space    used 10349K, committed 10688K, reserved 1048576K
}
Event: 12.966 GC heap after
{Heap after GC invocations=31 (full 0):
 garbage-first heap   total 161792K, used 84467K [0x0000000080000000, 0x0000000100000000)
  region size 1024K, 7 young (7168K), 7 survivors (7168K)
 Metaspace       used 75344K, committed 75968K, reserved 1114112K
  class space    used 10349K, committed 10688K, reserved 1048576K
}
Event: 12.978 GC heap before
{Heap before GC invocations=31 (full 0):
 garbage-first heap   total 161792K, used 85491K [0x0000000080000000, 0x0000000100000000)
  region size 1024K, 8 young (8192K), 7 survivors (7168K)
 Metaspace       used 75375K, committed 76032K, reserved 1114112K
  class space    used 10349K, committed 10688K, reserved 1048576K
}
Event: 12.984 GC heap after
{Heap after GC invocations=32 (full 0):
 garbage-first heap   total 161792K, used 84491K [0x0000000080000000, 0x0000000100000000)
  region size 1024K, 1 young (1024K), 1 survivors (1024K)
 Metaspace       used 75375K, committed 76032K, reserved 1114112K
  class space    used 10349K, committed 10688K, reserved 1048576K
}
Event: 13.187 GC heap before
{Heap before GC invocations=32 (full 0):
 garbage-first heap   total 161792K, used 128523K [0x0000000080000000, 0x0000000100000000)
  region size 1024K, 44 young (45056K), 1 survivors (1024K)
 Metaspace       used 76067K, committed 76736K, reserved 1179648K
  class space    used 10480K, committed 10816K, reserved 1048576K
}
Event: 13.191 GC heap after
{Heap after GC invocations=33 (full 0):
 garbage-first heap   total 161792K, used 88959K [0x0000000080000000, 0x0000000100000000)
  region size 1024K, 6 young (6144K), 6 survivors (6144K)
 Metaspace       used 76067K, committed 76736K, reserved 1179648K
  class space    used 10480K, committed 10816K, reserved 1048576K
}
Event: 13.430 GC heap before
{Heap before GC invocations=34 (full 0):
 garbage-first heap   total 171008K, used 127871K [0x0000000080000000, 0x0000000100000000)
  region size 1024K, 45 young (46080K), 6 survivors (6144K)
 Metaspace       used 76300K, committed 76928K, reserved 1179648K
  class space    used 10485K, committed 10816K, reserved 1048576K
}
Event: 13.435 GC heap after
{Heap after GC invocations=35 (full 0):
 garbage-first heap   total 171008K, used 91211K [0x0000000080000000, 0x0000000100000000)
  region size 1024K, 5 young (5120K), 5 survivors (5120K)
 Metaspace       used 76300K, committed 76928K, reserved 1179648K
  class space    used 10485K, committed 10816K, reserved 1048576K
}
Event: 13.453 GC heap before
{Heap before GC invocations=35 (full 0):
 garbage-first heap   total 171008K, used 93259K [0x0000000080000000, 0x0000000100000000)
  region size 1024K, 8 young (8192K), 5 survivors (5120K)
 Metaspace       used 76303K, committed 76928K, reserved 1179648K
  class space    used 10485K, committed 10816K, reserved 1048576K
}
Event: 13.457 GC heap after
{Heap after GC invocations=36 (full 0):
 garbage-first heap   total 401408K, used 90752K [0x0000000080000000, 0x0000000100000000)
  region size 1024K, 1 young (1024K), 1 survivors (1024K)
 Metaspace       used 76303K, committed 76928K, reserved 1179648K
  class space    used 10485K, committed 10816K, reserved 1048576K
}
Event: 14.700 GC heap before
{Heap before GC invocations=36 (full 0):
 garbage-first heap   total 401408K, used 283264K [0x0000000080000000, 0x0000000100000000)
  region size 1024K, 190 young (194560K), 1 survivors (1024K)
 Metaspace       used 77298K, committed 77952K, reserved 1179648K
  class space    used 10565K, committed 10880K, reserved 1048576K
}
Event: 14.711 GC heap after
{Heap after GC invocations=37 (full 0):
 garbage-first heap   total 401408K, used 103563K [0x0000000080000000, 0x0000000100000000)
  region size 1024K, 14 young (14336K), 14 survivors (14336K)
 Metaspace       used 77298K, committed 77952K, reserved 1179648K
  class space    used 10565K, committed 10880K, reserved 1048576K
}

